<?xml version="1.0" encoding="UTF-8" ?>
<testsuite failures="0" time="0.017" errors="0" skipped="0" tests="1" name="com.test.AppTest">
  <properties>
    <property name="java.runtime.name" value="Java(TM) SE Runtime Environment"/>
    <property name="sun.boot.library.path" value="C:\Program Files\Java\jdk1.7.0_05\jre\bin"/>
    <property name="java.vm.version" value="23.1-b03"/>
    <property name="java.vm.vendor" value="Oracle Corporation"/>
    <property name="java.vendor.url" value="http://java.oracle.com/"/>
    <property name="path.separator" value=";"/>
    <property name="java.vm.name" value="Java HotSpot(TM) 64-Bit Server VM"/>
    <property name="file.encoding.pkg" value="sun.io"/>
    <property name="user.script" value=""/>
    <property name="user.country" value="TW"/>
    <property name="sun.java.launcher" value="SUN_STANDARD"/>
    <property name="sun.os.patch.level" value="Service Pack 1"/>
    <property name="java.vm.specification.name" value="Java Virtual Machine Specification"/>
    <property name="user.dir" value="F:\Work\eclipse\eclipse-helios-new\workspace\TranStation_Test"/>
    <property name="java.runtime.version" value="1.7.0_05-b06"/>
    <property name="java.awt.graphicsenv" value="sun.awt.Win32GraphicsEnvironment"/>
    <property name="basedir" value="F:\Work\eclipse\eclipse-helios-new\workspace\TranStation_Test"/>
    <property name="java.endorsed.dirs" value="C:\Program Files\Java\jdk1.7.0_05\jre\lib\endorsed"/>
    <property name="os.arch" value="amd64"/>
    <property name="surefire.real.class.path" value="F:\Work\eclipse\eclipse-helios-new\workspace\TranStation_Test\target\surefire\surefirebooter5223794272782949212.jar"/>
    <property name="java.io.tmpdir" value="C:\Users\panda\AppData\Local\Temp\"/>
    <property name="line.separator" value="
"/>
    <property name="java.vm.specification.vendor" value="Oracle Corporation"/>
    <property name="user.variant" value=""/>
    <property name="os.name" value="Windows 7"/>
    <property name="sun.jnu.encoding" value="MS950"/>
    <property name="java.library.path" value="C:\Program Files\Java\jdk1.7.0_05\jre\bin;C:\Windows\Sun\Java\bin;C:\Windows\system32;C:\Windows;C:\Program Files\Java\jdk1.7.0_05\jre\bin;C:\app\panda\product\11.2.0\dbhome_2\bin;C:\Program Files\Java\jdk1.7.0_05/BIN;C:\PROGRAM FILES\COMMON FILES\MICROSOFT SHARED\WINDOWS LIVE;C:\PROGRAM FILES (X86)\COMMON FILES\MICROSOFT SHARED\WINDOWS LIVE;C:\Windows\SYSTEM32;C:\Windows;C:\Windows\SYSTEM32\WBEM;C:\Windows\SYSTEM32\WINDOWSPOWERSHELL\V1.0\;C:\PROGRAM FILES\BROADCOM\WHL\;C:\PROGRAM FILES\BROADCOM\WHL\SYSWOW64;C:\PROGRAM FILES\BROADCOM\WHL\SYSWOW64\;C:\PROGRAM FILES\BROADCOM\WHL\SYSWOW64\SYSWOW64;C:\PROGRAM FILES (X86)\ATI TECHNOLOGIES\ATI.ACE\CORE-STATIC;C:\PROGRAM FILES (X86)\COMMON FILES\LENOVO;C:\PROGRAM FILES\COMMON FILES\LENOVO;C:\PROGRAM FILES (X86)\WINDOWS LIVE\SHARED;C:\SWTOOLS\READYAPPS;C:\PROGRAM FILES (X86)\INTEL\SERVICES\IPT\;C:\PROGRAM FILES (X86)\COMMON FILES\ACRONIS\SNAPAPI\;C:\PROGRAM FILES (X86)\COMMON FILES\ULEAD SYSTEMS\MPEG;C:\PROGRAM FILES (X86)\MICROSOFT SQL SERVER\100\TOOLS\BINN\;C:\PROGRAM FILES\MICROSOFT SQL SERVER\100\TOOLS\BINN\;C:\PROGRAM FILES\MICROSOFT SQL SERVER\100\DTS\BINN\;C:\PROGRAM FILES (X86)\MICROSOFT SQL SERVER\100\TOOLS\BINN\VSSHELL\COMMON7\IDE\;C:\PROGRAM FILES (X86)\MICROSOFT VISUAL STUDIO 9.0\COMMON7\IDE\PRIVATEASSEMBLIES\;C:\PROGRAM FILES (X86)\MICROSOFT SQL SERVER\100\DTS\BINN\;C:\PROGRAM FILES\INTEL\WIFI\BIN\;C:\PROGRAM FILES\COMMON FILES\INTEL\WIRELESSCOMMON\;C:\Program Files (x86)\Symantec\VIP Access Client\;C:\Program Files\Microsoft\Web Platform Installer\;C:\Program Files (x86)\Microsoft ASP.NET\ASP.NET Web Pages\v1.0\;C:\Program Files (x86)\Windows Kits\8.0\Windows Performance Toolkit\;C:\Program Files\Microsoft SQL Server\110\Tools\Binn\;C:\Program Files\TortoiseSVN\bin;C:\Program Files (x86)\VisualSVN\bin;C:\Program Files (x86)\Intel\OpenCL SDK\2.0\bin\x86;C:\Program Files (x86)\Intel\OpenCL SDK\2.0\bin\x64;C:\Program Files (x86)\Intel\OpenCL SDK\2.0\bin\x86;C:\Program Files (x86)\Intel\OpenCL SDK\2.0\bin\x64;C:\Program Files\Intel\WiFi\bin\;C:\Program Files\Common Files\Intel\WirelessCommon\;."/>
    <property name="surefire.test.class.path" value="F:\Work\eclipse\eclipse-helios-new\workspace\TranStation_Test\target\test-classes;F:\Work\eclipse\eclipse-helios-new\workspace\TranStation_Test\target\classes;C:\Users\panda\.m2\repository\junit\junit\3.8.1\junit-3.8.1.jar;C:\Users\panda\.m2\repository\org\apache\axis2\axis2-kernel\1.6.2\axis2-kernel-1.6.2.jar;C:\Users\panda\.m2\repository\org\apache\ws\commons\axiom\axiom-api\1.2.13\axiom-api-1.2.13.jar;C:\Users\panda\.m2\repository\org\apache\geronimo\specs\geronimo-javamail_1.4_spec\1.7.1\geronimo-javamail_1.4_spec-1.7.1.jar;C:\Users\panda\.m2\repository\jaxen\jaxen\1.1.3\jaxen-1.1.3.jar;C:\Users\panda\.m2\repository\org\apache\geronimo\specs\geronimo-stax-api_1.0_spec\1.0.1\geronimo-stax-api_1.0_spec-1.0.1.jar;C:\Users\panda\.m2\repository\org\apache\james\apache-mime4j-core\0.7.2\apache-mime4j-core-0.7.2.jar;C:\Users\panda\.m2\repository\org\apache\ws\commons\axiom\axiom-impl\1.2.13\axiom-impl-1.2.13.jar;C:\Users\panda\.m2\repository\org\codehaus\woodstox\wstx-asl\3.2.9\wstx-asl-3.2.9.jar;C:\Users\panda\.m2\repository\org\apache\geronimo\specs\geronimo-ws-metadata_2.0_spec\1.1.2\geronimo-ws-metadata_2.0_spec-1.1.2.jar;C:\Users\panda\.m2\repository\org\apache\geronimo\specs\geronimo-jta_1.1_spec\1.1\geronimo-jta_1.1_spec-1.1.jar;C:\Users\panda\.m2\repository\javax\servlet\servlet-api\2.3\servlet-api-2.3.jar;C:\Users\panda\.m2\repository\commons-httpclient\commons-httpclient\3.1\commons-httpclient-3.1.jar;C:\Users\panda\.m2\repository\commons-codec\commons-codec\1.2\commons-codec-1.2.jar;C:\Users\panda\.m2\repository\commons-fileupload\commons-fileupload\1.2\commons-fileupload-1.2.jar;C:\Users\panda\.m2\repository\wsdl4j\wsdl4j\1.6.2\wsdl4j-1.6.2.jar;C:\Users\panda\.m2\repository\org\apache\ws\commons\schema\XmlSchema\1.4.7\XmlSchema-1.4.7.jar;C:\Users\panda\.m2\repository\org\apache\neethi\neethi\3.0.2\neethi-3.0.2.jar;C:\Users\panda\.m2\repository\org\apache\woden\woden-api\1.0M9\woden-api-1.0M9.jar;C:\Users\panda\.m2\repository\org\apache\woden\woden-impl-dom\1.0M9\woden-impl-dom-1.0M9.jar;C:\Users\panda\.m2\repository\org\apache\woden\woden-impl-commons\1.0M9\woden-impl-commons-1.0M9.jar;C:\Users\panda\.m2\repository\commons-logging\commons-logging\1.1.1\commons-logging-1.1.1.jar;C:\Users\panda\.m2\repository\javax\ws\rs\jsr311-api\1.0\jsr311-api-1.0.jar;C:\Users\panda\.m2\repository\org\apache\axis2\axis2-adb\1.6.2\axis2-adb-1.6.2.jar;C:\Users\panda\.m2\repository\org\apache\geronimo\specs\geronimo-activation_1.1_spec\1.0.2\geronimo-activation_1.1_spec-1.0.2.jar;C:\Users\panda\.m2\repository\org\apache\axis2\axis2-transport-http\1.6.2\axis2-transport-http-1.6.2.jar;C:\Users\panda\.m2\repository\org\apache\httpcomponents\httpcore\4.0\httpcore-4.0.jar;C:\Users\panda\.m2\repository\org\apache\axis2\axis2-transport-local\1.6.2\axis2-transport-local-1.6.2.jar;C:\Users\panda\.m2\repository\org\apache\axis2\axis2-jaxws\1.6.2\axis2-jaxws-1.6.2.jar;C:\Users\panda\.m2\repository\org\apache\geronimo\specs\geronimo-annotation_1.0_spec\1.1\geronimo-annotation_1.0_spec-1.1.jar;C:\Users\panda\.m2\repository\org\apache\geronimo\specs\geronimo-jaxws_2.2_spec\1.0\geronimo-jaxws_2.2_spec-1.0.jar;C:\Users\panda\.m2\repository\org\apache\axis2\axis2-saaj\1.6.2\axis2-saaj-1.6.2.jar;C:\Users\panda\.m2\repository\org\apache\geronimo\specs\geronimo-saaj_1.3_spec\1.0.1\geronimo-saaj_1.3_spec-1.0.1.jar;C:\Users\panda\.m2\repository\org\apache\ws\commons\axiom\axiom-dom\1.2.13\axiom-dom-1.2.13.jar;C:\Users\panda\.m2\repository\org\apache\axis2\axis2-metadata\1.6.2\axis2-metadata-1.6.2.jar;C:\Users\panda\.m2\repository\com\sun\xml\ws\jaxws-tools\2.1.3\jaxws-tools-2.1.3.jar;C:\Users\panda\.m2\repository\xml-resolver\xml-resolver\1.2\xml-resolver-1.2.jar;C:\Users\panda\.m2\repository\com\sun\xml\bind\jaxb-impl\2.1.7\jaxb-impl-2.1.7.jar;C:\Users\panda\.m2\repository\com\sun\xml\bind\jaxb-xjc\2.1.7\jaxb-xjc-2.1.7.jar;C:\Users\panda\.m2\repository\xalan\xalan\2.7.0\xalan-2.7.0.jar;C:\Users\panda\.m2\repository\javax\xml\bind\jaxb-api\2.1\jaxb-api-2.1.jar;C:\Users\panda\.m2\repository\javax\xml\stream\stax-api\1.0-2\stax-api-1.0-2.jar;C:\Users\panda\.m2\repository\javax\activation\activation\1.1\activation-1.1.jar;C:\Users\panda\.m2\repository\commons-io\commons-io\1.4\commons-io-1.4.jar;"/>
    <property name="java.specification.name" value="Java Platform API Specification"/>
    <property name="java.class.version" value="51.0"/>
    <property name="sun.management.compiler" value="HotSpot 64-Bit Tiered Compilers"/>
    <property name="os.version" value="6.1"/>
    <property name="user.home" value="C:\Users\panda"/>
    <property name="user.timezone" value=""/>
    <property name="java.awt.printerjob" value="sun.awt.windows.WPrinterJob"/>
    <property name="java.specification.version" value="1.7"/>
    <property name="file.encoding" value="MS950"/>
    <property name="user.name" value="panda"/>
    <property name="java.class.path" value="F:\Work\eclipse\eclipse-helios-new\workspace\TranStation_Test\target\test-classes;F:\Work\eclipse\eclipse-helios-new\workspace\TranStation_Test\target\classes;C:\Users\panda\.m2\repository\junit\junit\3.8.1\junit-3.8.1.jar;C:\Users\panda\.m2\repository\org\apache\axis2\axis2-kernel\1.6.2\axis2-kernel-1.6.2.jar;C:\Users\panda\.m2\repository\org\apache\ws\commons\axiom\axiom-api\1.2.13\axiom-api-1.2.13.jar;C:\Users\panda\.m2\repository\org\apache\geronimo\specs\geronimo-javamail_1.4_spec\1.7.1\geronimo-javamail_1.4_spec-1.7.1.jar;C:\Users\panda\.m2\repository\jaxen\jaxen\1.1.3\jaxen-1.1.3.jar;C:\Users\panda\.m2\repository\org\apache\geronimo\specs\geronimo-stax-api_1.0_spec\1.0.1\geronimo-stax-api_1.0_spec-1.0.1.jar;C:\Users\panda\.m2\repository\org\apache\james\apache-mime4j-core\0.7.2\apache-mime4j-core-0.7.2.jar;C:\Users\panda\.m2\repository\org\apache\ws\commons\axiom\axiom-impl\1.2.13\axiom-impl-1.2.13.jar;C:\Users\panda\.m2\repository\org\codehaus\woodstox\wstx-asl\3.2.9\wstx-asl-3.2.9.jar;C:\Users\panda\.m2\repository\org\apache\geronimo\specs\geronimo-ws-metadata_2.0_spec\1.1.2\geronimo-ws-metadata_2.0_spec-1.1.2.jar;C:\Users\panda\.m2\repository\org\apache\geronimo\specs\geronimo-jta_1.1_spec\1.1\geronimo-jta_1.1_spec-1.1.jar;C:\Users\panda\.m2\repository\javax\servlet\servlet-api\2.3\servlet-api-2.3.jar;C:\Users\panda\.m2\repository\commons-httpclient\commons-httpclient\3.1\commons-httpclient-3.1.jar;C:\Users\panda\.m2\repository\commons-codec\commons-codec\1.2\commons-codec-1.2.jar;C:\Users\panda\.m2\repository\commons-fileupload\commons-fileupload\1.2\commons-fileupload-1.2.jar;C:\Users\panda\.m2\repository\wsdl4j\wsdl4j\1.6.2\wsdl4j-1.6.2.jar;C:\Users\panda\.m2\repository\org\apache\ws\commons\schema\XmlSchema\1.4.7\XmlSchema-1.4.7.jar;C:\Users\panda\.m2\repository\org\apache\neethi\neethi\3.0.2\neethi-3.0.2.jar;C:\Users\panda\.m2\repository\org\apache\woden\woden-api\1.0M9\woden-api-1.0M9.jar;C:\Users\panda\.m2\repository\org\apache\woden\woden-impl-dom\1.0M9\woden-impl-dom-1.0M9.jar;C:\Users\panda\.m2\repository\org\apache\woden\woden-impl-commons\1.0M9\woden-impl-commons-1.0M9.jar;C:\Users\panda\.m2\repository\commons-logging\commons-logging\1.1.1\commons-logging-1.1.1.jar;C:\Users\panda\.m2\repository\javax\ws\rs\jsr311-api\1.0\jsr311-api-1.0.jar;C:\Users\panda\.m2\repository\org\apache\axis2\axis2-adb\1.6.2\axis2-adb-1.6.2.jar;C:\Users\panda\.m2\repository\org\apache\geronimo\specs\geronimo-activation_1.1_spec\1.0.2\geronimo-activation_1.1_spec-1.0.2.jar;C:\Users\panda\.m2\repository\org\apache\axis2\axis2-transport-http\1.6.2\axis2-transport-http-1.6.2.jar;C:\Users\panda\.m2\repository\org\apache\httpcomponents\httpcore\4.0\httpcore-4.0.jar;C:\Users\panda\.m2\repository\org\apache\axis2\axis2-transport-local\1.6.2\axis2-transport-local-1.6.2.jar;C:\Users\panda\.m2\repository\org\apache\axis2\axis2-jaxws\1.6.2\axis2-jaxws-1.6.2.jar;C:\Users\panda\.m2\repository\org\apache\geronimo\specs\geronimo-annotation_1.0_spec\1.1\geronimo-annotation_1.0_spec-1.1.jar;C:\Users\panda\.m2\repository\org\apache\geronimo\specs\geronimo-jaxws_2.2_spec\1.0\geronimo-jaxws_2.2_spec-1.0.jar;C:\Users\panda\.m2\repository\org\apache\axis2\axis2-saaj\1.6.2\axis2-saaj-1.6.2.jar;C:\Users\panda\.m2\repository\org\apache\geronimo\specs\geronimo-saaj_1.3_spec\1.0.1\geronimo-saaj_1.3_spec-1.0.1.jar;C:\Users\panda\.m2\repository\org\apache\ws\commons\axiom\axiom-dom\1.2.13\axiom-dom-1.2.13.jar;C:\Users\panda\.m2\repository\org\apache\axis2\axis2-metadata\1.6.2\axis2-metadata-1.6.2.jar;C:\Users\panda\.m2\repository\com\sun\xml\ws\jaxws-tools\2.1.3\jaxws-tools-2.1.3.jar;C:\Users\panda\.m2\repository\xml-resolver\xml-resolver\1.2\xml-resolver-1.2.jar;C:\Users\panda\.m2\repository\com\sun\xml\bind\jaxb-impl\2.1.7\jaxb-impl-2.1.7.jar;C:\Users\panda\.m2\repository\com\sun\xml\bind\jaxb-xjc\2.1.7\jaxb-xjc-2.1.7.jar;C:\Users\panda\.m2\repository\xalan\xalan\2.7.0\xalan-2.7.0.jar;C:\Users\panda\.m2\repository\javax\xml\bind\jaxb-api\2.1\jaxb-api-2.1.jar;C:\Users\panda\.m2\repository\javax\xml\stream\stax-api\1.0-2\stax-api-1.0-2.jar;C:\Users\panda\.m2\repository\javax\activation\activation\1.1\activation-1.1.jar;C:\Users\panda\.m2\repository\commons-io\commons-io\1.4\commons-io-1.4.jar;"/>
    <property name="java.vm.specification.version" value="1.7"/>
    <property name="sun.arch.data.model" value="64"/>
    <property name="java.home" value="C:\Program Files\Java\jdk1.7.0_05\jre"/>
    <property name="sun.java.command" value="F:\Work\eclipse\eclipse-helios-new\workspace\TranStation_Test\target\surefire\surefirebooter5223794272782949212.jar F:\Work\eclipse\eclipse-helios-new\workspace\TranStation_Test\target\surefire\surefire4558592407999315338tmp F:\Work\eclipse\eclipse-helios-new\workspace\TranStation_Test\target\surefire\surefire7178271793403023109tmp"/>
    <property name="java.specification.vendor" value="Oracle Corporation"/>
    <property name="user.language" value="zh"/>
    <property name="awt.toolkit" value="sun.awt.windows.WToolkit"/>
    <property name="java.vm.info" value="mixed mode"/>
    <property name="java.version" value="1.7.0_05"/>
    <property name="java.ext.dirs" value="C:\Program Files\Java\jdk1.7.0_05\jre\lib\ext;C:\Windows\Sun\Java\lib\ext"/>
    <property name="sun.boot.class.path" value="C:\Program Files\Java\jdk1.7.0_05\jre\lib\resources.jar;C:\Program Files\Java\jdk1.7.0_05\jre\lib\rt.jar;C:\Program Files\Java\jdk1.7.0_05\jre\lib\sunrsasign.jar;C:\Program Files\Java\jdk1.7.0_05\jre\lib\jsse.jar;C:\Program Files\Java\jdk1.7.0_05\jre\lib\jce.jar;C:\Program Files\Java\jdk1.7.0_05\jre\lib\charsets.jar;C:\Program Files\Java\jdk1.7.0_05\jre\lib\jfr.jar;C:\Program Files\Java\jdk1.7.0_05\jre\classes"/>
    <property name="java.vendor" value="Oracle Corporation"/>
    <property name="localRepository" value="C:\Users\panda\.m2\repository"/>
    <property name="file.separator" value="\"/>
    <property name="java.vendor.url.bug" value="http://bugreport.sun.com/bugreport/"/>
    <property name="sun.cpu.endian" value="little"/>
    <property name="sun.io.unicode.encoding" value="UnicodeLittle"/>
    <property name="sun.desktop" value="windows"/>
    <property name="sun.cpu.isalist" value="amd64"/>
  </properties>
  <testcase time="0.002" classname="com.test.AppTest" name="testApp"/>
</testsuite>